<?xml version="1.0" encoding="UTF-8"?>
<!-- Generated by org.testng.reporters.JUnitReportReporter -->
<testsuite skipped="0" hostname="Srajen" name="com.practice.tests.AuthDemo" tests="4" failures="0" timestamp="2022-08-05T00:32:11 IST" time="8.878" errors="0">
  <testcase name="getAllWorkspace" time="1.737" classname="com.practice.tests.AuthDemo"/>
  <system-out/>
  <testcase name="getAllrepositories" time="1.231" classname="com.practice.tests.AuthDemo"/>
  <system-out/>
  <testcase name="createRepository" time="1.906" classname="com.practice.tests.AuthDemo"/>
  <system-out/>
  <testcase name="basicAuthTest" time="4.004" classname="com.practice.tests.AuthDemo"/>
  <system-out/>
</testsuite> <!-- com.practice.tests.AuthDemo -->
