<?xml version="1.0" encoding="UTF-8"?>
<!-- Generated by org.testng.reporters.JUnitReportReporter -->
<testsuite skipped="0" hostname="Srajen" name="com.practice.tests.ExtentReportsGeneration" tests="1" failures="0" timestamp="01 Aug 2022 11:00:25 GMT" time="0.478" errors="0">
  <testcase name="extentTest" time="0.478" classname="com.practice.tests.ExtentReportsGeneration"/>
</testsuite> <!-- com.practice.tests.ExtentReportsGeneration -->
