<?xml version="1.0" encoding="UTF-8"?>
<!-- Generated by org.testng.reporters.JUnitReportReporter -->
<testsuite skipped="0" hostname="Srajen" name="com.practice.tests.GetTests" tests="2" failures="0" timestamp="2022-08-03T12:12:13 IST" time="4.379" errors="0">
  <testcase name="getEmployeeDetails" time="1.982" classname="com.practice.tests.GetTests"/>
  <system-out/>
  <testcase name="getEmployeeDetail" time="2.397" classname="com.practice.tests.GetTests"/>
  <system-out/>
</testsuite> <!-- com.practice.tests.GetTests -->
